<?xml version="1.0" encoding="UTF-8"?>
<!-- Generated by org.testng.reporters.JUnitReportReporter -->
<testsuite hostname="LAPTOP-L1LP1MJC" failures="0" tests="1" name="runner.FitPeoRunner" time="100.605" errors="0" timestamp="2024-08-17T14:50:28 IST" skipped="0">
  <testcase classname="runner.FitPeoRunner" name="runScenario" time="100.605"/>
  <system-out/>
</testsuite> <!-- runner.FitPeoRunner -->
