<?xml version="1.0" encoding="UTF-8"?>
<!-- Generated by org.testng.reporters.JUnitReportReporter -->
<testsuite hostname="DESKTOP-EH37MPF" failures="0" tests="1" name="runner.FitPeoRunner" time="97.587" errors="0" timestamp="2024-08-03T22:23:30 IST" skipped="0">
  <testcase classname="runner.FitPeoRunner" name="runScenario" time="97.587"/>
  <system-out/>
</testsuite> <!-- runner.FitPeoRunner -->
