<?xml version="1.0" encoding="UTF-8"?>
<!-- Generated by org.testng.reporters.JUnitReportReporter -->
<testsuite hostname="LAPTOP-L1LP1MJC" failures="0" tests="1" name="runner.FitPeoRunner" time="44.953" errors="0" timestamp="2024-08-10T09:05:42 IST" skipped="0">
  <testcase classname="runner.FitPeoRunner" name="runScenario" time="44.953"/>
  <system-out/>
</testsuite> <!-- runner.FitPeoRunner -->
